Connecting to wss
Response Status: 429 Too Many Requests
2024-01-06 13:55:11 +0800 CST spend:  1.073736167s !!!!!!!!!!!!!!!!!!!!!published to: 
Response Status: 429 Too Many Requests
2024-01-06 13:55:11 +0800 CST spend:  1.076851708s !!!!!!!!!!!!!!!!!!!!!published to: 
Response Status: 429 Too Many Requests
2024-01-06 13:55:11 +0800 CST spend:  1.25127325s !!!!!!!!!!!!!!!!!!!!!published to: 
Response Status: 429 Too Many Requests
2024-01-06 13:55:13 +0800 CST spend:  618.404958ms !!!!!!!!!!!!!!!!!!!!!published to: 
Response Status: 429 Too Many Requests
2024-01-06 13:55:14 +0800 CST spend:  1.163015833s !!!!!!!!!!!!!!!!!!!!!published to: 
Response Status: 429 Too Many Requests
2024-01-06 13:55:15 +0800 CST spend:  789.608167ms !!!!!!!!!!!!!!!!!!!!!published to: 
Response Status: 429 Too Many Requests
2024-01-06 13:55:16 +0800 CST spend:  419.331583ms !!!!!!!!!!!!!!!!!!!!!published to: 
Response Status: 429 Too Many Requests
2024-01-06 13:55:17 +0800 CST spend:  1.009767583s !!!!!!!!!!!!!!!!!!!!!published to: 
Response Status: 429 Too Many Requests
2024-01-06 13:55:18 +0800 CST spend:  822.90725ms !!!!!!!!!!!!!!!!!!!!!published to: 
Response Status: 429 Too Many Requests
2024-01-06 13:55:19 +0800 CST spend:  404.578416ms !!!!!!!!!!!!!!!!!!!!!published to: 
Response Status: 429 Too Many Requests
2024-01-06 13:55:20 +0800 CST spend:  880.37175ms !!!!!!!!!!!!!!!!!!!!!published to: 
Response Status: 429 Too Many Requests
2024-01-06 13:55:21 +0800 CST spend:  609.135833ms !!!!!!!!!!!!!!!!!!!!!published to: 
Response Status: 429 Too Many Requests
2024-01-06 13:55:24 +0800 CST spend:  865.353084ms !!!!!!!!!!!!!!!!!!!!!published to: 
Response Status: 429 Too Many Requests
2024-01-06 13:55:25 +0800 CST spend:  779.503625ms !!!!!!!!!!!!!!!!!!!!!published to: 
Response Status: 429 Too Many Requests
2024-01-06 13:55:26 +0800 CST spend:  649.095ms !!!!!!!!!!!!!!!!!!!!!published to: 
Response Status: 429 Too Many Requests
2024-01-06 13:55:28 +0800 CST spend:  1.15781925s !!!!!!!!!!!!!!!!!!!!!published to: 
Response Status: 429 Too Many Requests
2024-01-06 13:55:28 +0800 CST spend:  524.433ms !!!!!!!!!!!!!!!!!!!!!published to: 
Response Status: 429 Too Many Requests
2024-01-06 13:55:30 +0800 CST spend:  929.128083ms !!!!!!!!!!!!!!!!!!!!!published to: 
Response Status: 429 Too Many Requests
2024-01-06 13:55:30 +0800 CST spend:  929.006708ms !!!!!!!!!!!!!!!!!!!!!published to: 
Response Status: 429 Too Many Requests
2024-01-06 13:55:36 +0800 CST spend:  366.830708ms !!!!!!!!!!!!!!!!!!!!!published to: 
Response Status: 429 Too Many Requests
2024-01-06 13:55:38 +0800 CST spend:  389.429375ms !!!!!!!!!!!!!!!!!!!!!published to: 
Response Status: 429 Too Many Requests
2024-01-06 13:55:41 +0800 CST spend:  1.2153995s !!!!!!!!!!!!!!!!!!!!!published to: 
Response Status: 429 Too Many Requests
2024-01-06 13:55:41 +0800 CST spend:  301.571584ms !!!!!!!!!!!!!!!!!!!!!published to: 
Response Status: 429 Too Many Requests
2024-01-06 13:55:41 +0800 CST spend:  341.439084ms !!!!!!!!!!!!!!!!!!!!!published to: 
Response Status: 429 Too Many Requests
2024-01-06 13:55:42 +0800 CST spend:  971.550792ms !!!!!!!!!!!!!!!!!!!!!published to: 
Response Status: 429 Too Many Requests
2024-01-06 13:55:44 +0800 CST spend:  809.751125ms !!!!!!!!!!!!!!!!!!!!!published to: 
Response Status: 429 Too Many Requests
2024-01-06 13:55:45 +0800 CST spend:  1.160417459s !!!!!!!!!!!!!!!!!!!!!published to: 
Response Status: 429 Too Many Requests
2024-01-06 13:55:48 +0800 CST spend:  288.058167ms !!!!!!!!!!!!!!!!!!!!!published to: 
Response Status: 429 Too Many Requests
2024-01-06 13:55:49 +0800 CST spend:  606.741541ms !!!!!!!!!!!!!!!!!!!!!published to: 
Response Status: 429 Too Many Requests
2024-01-06 13:55:52 +0800 CST spend:  616.919834ms !!!!!!!!!!!!!!!!!!!!!published to: 
Response Status: 429 Too Many Requests
2024-01-06 13:55:53 +0800 CST spend:  273.69375ms !!!!!!!!!!!!!!!!!!!!!published to: 
Response Status: 403 Forbidden
2024-01-06 13:55:53 +0800 CST spend:  1.177467375s !!!!!!!!!!!!!!!!!!!!!published to: 
Response Status: 200 OK
2024-01-06 13:55:54 +0800 CST spend:  1.017536375s !!!!!!!!!!!!!!!!!!!!!published to: 
Response Status: 200 OK
2024-01-06 13:55:54 +0800 CST spend:  415.097041ms !!!!!!!!!!!!!!!!!!!!!published to: 
Response Status: 429 Too Many Requests
2024-01-06 13:55:58 +0800 CST spend:  1.242257625s !!!!!!!!!!!!!!!!!!!!!published to: 
Response Status: 429 Too Many Requests
2024-01-06 13:55:58 +0800 CST spend:  501.10575ms !!!!!!!!!!!!!!!!!!!!!published to: 
Response Status: 429 Too Many Requests
2024-01-06 13:55:59 +0800 CST spend:  1.035317167s !!!!!!!!!!!!!!!!!!!!!published to: 
Response Status: 429 Too Many Requests
2024-01-06 13:56:00 +0800 CST spend:  1.048365958s !!!!!!!!!!!!!!!!!!!!!published to: 
Response Status: 429 Too Many Requests
2024-01-06 13:56:00 +0800 CST spend:  252.582958ms !!!!!!!!!!!!!!!!!!!!!published to: 
Response Status: 429 Too Many Requests
2024-01-06 13:56:01 +0800 CST spend:  1.012928042s !!!!!!!!!!!!!!!!!!!!!published to: 
Response Status: 429 Too Many Requests
2024-01-06 13:56:04 +0800 CST spend:  1.181257042s !!!!!!!!!!!!!!!!!!!!!published to: 
Response Status: 429 Too Many Requests
2024-01-06 13:56:06 +0800 CST spend:  1.024805041s !!!!!!!!!!!!!!!!!!!!!published to: 
Response Status: 429 Too Many Requests
2024-01-06 13:56:06 +0800 CST spend:  1.054217833s !!!!!!!!!!!!!!!!!!!!!published to: 
Response Status: 429 Too Many Requests
2024-01-06 13:56:08 +0800 CST spend:  724.167792ms !!!!!!!!!!!!!!!!!!!!!published to: 
Response Status: 429 Too Many Requests
2024-01-06 13:56:10 +0800 CST spend:  1.037129709s !!!!!!!!!!!!!!!!!!!!!published to: 
Response Status: 429 Too Many Requests
2024-01-06 13:56:10 +0800 CST spend:  1.226001083s !!!!!!!!!!!!!!!!!!!!!published to: 
Response Status: 429 Too Many Requests
2024-01-06 13:56:11 +0800 CST spend:  827.981625ms !!!!!!!!!!!!!!!!!!!!!published to: 
Response Status: 429 Too Many Requests
2024-01-06 13:56:11 +0800 CST spend:  909.988875ms !!!!!!!!!!!!!!!!!!!!!published to: 
Response Status: 429 Too Many Requests
2024-01-06 13:56:14 +0800 CST spend:  876.432708ms !!!!!!!!!!!!!!!!!!!!!published to: 
Response Status: 429 Too Many Requests
2024-01-06 13:56:16 +0800 CST spend:  747.4595ms !!!!!!!!!!!!!!!!!!!!!published to: 
Response Status: 429 Too Many Requests
2024-01-06 13:56:17 +0800 CST spend:  747.092167ms !!!!!!!!!!!!!!!!!!!!!published to: 
Response Status: 429 Too Many Requests
2024-01-06 13:56:17 +0800 CST spend:  1.000112083s !!!!!!!!!!!!!!!!!!!!!published to: 
Response Status: 429 Too Many Requests
2024-01-06 13:56:19 +0800 CST spend:  738.828041ms !!!!!!!!!!!!!!!!!!!!!published to: 
Response Status: 429 Too Many Requests
2024-01-06 13:56:22 +0800 CST spend:  464.306667ms !!!!!!!!!!!!!!!!!!!!!published to: 
Response Status: 429 Too Many Requests
2024-01-06 13:56:23 +0800 CST spend:  690.307042ms !!!!!!!!!!!!!!!!!!!!!published to: 
Response Status: 429 Too Many Requests
2024-01-06 13:56:27 +0800 CST spend:  1.113650709s !!!!!!!!!!!!!!!!!!!!!published to: 
Response Status: 429 Too Many Requests
2024-01-06 13:56:27 +0800 CST spend:  982.588792ms !!!!!!!!!!!!!!!!!!!!!published to: 
Response Status: 429 Too Many Requests
2024-01-06 13:56:28 +0800 CST spend:  475.969334ms !!!!!!!!!!!!!!!!!!!!!published to: 
Response Status: 429 Too Many Requests
2024-01-06 13:56:31 +0800 CST spend:  266.134209ms !!!!!!!!!!!!!!!!!!!!!published to: 
Response Status: 429 Too Many Requests
2024-01-06 13:56:34 +0800 CST spend:  890.098292ms !!!!!!!!!!!!!!!!!!!!!published to: 
read: websocket: close 1006 (abnormal closure): unexpected EOF
Response Status: 429 Too Many Requests
2024-01-06 13:56:41 +0800 CST spend:  965.302625ms !!!!!!!!!!!!!!!!!!!!!published to: 
Response Status: 429 Too Many Requests
2024-01-06 13:56:41 +0800 CST spend:  492.28925ms !!!!!!!!!!!!!!!!!!!!!published to: 
Response Status: 429 Too Many Requests
2024-01-06 13:56:42 +0800 CST spend:  815.806666ms !!!!!!!!!!!!!!!!!!!!!published to: 
Response Status: 429 Too Many Requests
2024-01-06 13:56:43 +0800 CST spend:  960.511708ms !!!!!!!!!!!!!!!!!!!!!published to: 
Response Status: 429 Too Many Requests
2024-01-06 13:56:43 +0800 CST spend:  1.02818075s !!!!!!!!!!!!!!!!!!!!!published to: 
Response Status: 429 Too Many Requests
2024-01-06 13:56:46 +0800 CST spend:  1.031952125s !!!!!!!!!!!!!!!!!!!!!published to: 
Response Status: 429 Too Many Requests
2024-01-06 13:56:47 +0800 CST spend:  815.021917ms !!!!!!!!!!!!!!!!!!!!!published to: 
Response Status: 429 Too Many Requests
2024-01-06 13:56:49 +0800 CST spend:  938.183041ms !!!!!!!!!!!!!!!!!!!!!published to: 
Response Status: 429 Too Many Requests
2024-01-06 13:56:50 +0800 CST spend:  899.700667ms !!!!!!!!!!!!!!!!!!!!!published to: 
Response Status: 429 Too Many Requests
2024-01-06 13:56:51 +0800 CST spend:  555.561833ms !!!!!!!!!!!!!!!!!!!!!published to: 
Response Status: 429 Too Many Requests
2024-01-06 13:56:51 +0800 CST spend:  1.143543584s !!!!!!!!!!!!!!!!!!!!!published to: 
Response Status: 429 Too Many Requests
2024-01-06 13:56:53 +0800 CST spend:  582.336583ms !!!!!!!!!!!!!!!!!!!!!published to: 
Response Status: 429 Too Many Requests
2024-01-06 13:56:54 +0800 CST spend:  272.5405ms !!!!!!!!!!!!!!!!!!!!!published to: 
Response Status: 429 Too Many Requests
2024-01-06 13:56:54 +0800 CST spend:  577.021083ms !!!!!!!!!!!!!!!!!!!!!published to: 
Response Status: 200 OK
2024-01-06 13:56:57 +0800 CST spend:  411.9285ms !!!!!!!!!!!!!!!!!!!!!published to: 
Response Status: 200 OK
2024-01-06 13:56:58 +0800 CST spend:  1.0096265s !!!!!!!!!!!!!!!!!!!!!published to: 
Response Status: 200 OK
2024-01-06 13:56:58 +0800 CST spend:  801.382042ms !!!!!!!!!!!!!!!!!!!!!published to: 
Response Status: 429 Too Many Requests
2024-01-06 13:56:59 +0800 CST spend:  430.90275ms !!!!!!!!!!!!!!!!!!!!!published to: 
Response Status: 429 Too Many Requests
2024-01-06 13:56:59 +0800 CST spend:  832.62ms !!!!!!!!!!!!!!!!!!!!!published to: 
Response Status: 429 Too Many Requests
2024-01-06 13:57:04 +0800 CST spend:  424.032208ms !!!!!!!!!!!!!!!!!!!!!published to: 
Response Status: 429 Too Many Requests
2024-01-06 13:57:04 +0800 CST spend:  1.015556166s !!!!!!!!!!!!!!!!!!!!!published to: 
Response Status: 429 Too Many Requests
2024-01-06 13:57:04 +0800 CST spend:  369.821ms !!!!!!!!!!!!!!!!!!!!!published to: 
Response Status: 429 Too Many Requests
2024-01-06 13:57:05 +0800 CST spend:  565.595833ms !!!!!!!!!!!!!!!!!!!!!published to: 
Response Status: 429 Too Many Requests
2024-01-06 13:57:05 +0800 CST spend:  709.600084ms !!!!!!!!!!!!!!!!!!!!!published to: 
Response Status: 429 Too Many Requests
2024-01-06 13:57:05 +0800 CST spend:  404.520167ms !!!!!!!!!!!!!!!!!!!!!published to: 
Response Status: 429 Too Many Requests
2024-01-06 13:57:07 +0800 CST spend:  633.9835ms !!!!!!!!!!!!!!!!!!!!!published to: 
Response Status: 429 Too Many Requests
2024-01-06 13:57:10 +0800 CST spend:  847.29175ms !!!!!!!!!!!!!!!!!!!!!published to: 
Response Status: 429 Too Many Requests
2024-01-06 13:57:15 +0800 CST spend:  590.138834ms !!!!!!!!!!!!!!!!!!!!!published to: 
Response Status: 429 Too Many Requests
2024-01-06 13:57:19 +0800 CST spend:  1.233121125s !!!!!!!!!!!!!!!!!!!!!published to: 
Response Status: 429 Too Many Requests
2024-01-06 13:57:21 +0800 CST spend:  1.037276958s !!!!!!!!!!!!!!!!!!!!!published to: 
Response Status: 429 Too Many Requests
2024-01-06 13:57:22 +0800 CST spend:  968.814208ms !!!!!!!!!!!!!!!!!!!!!published to: 
Response Status: 429 Too Many Requests
2024-01-06 13:57:27 +0800 CST spend:  937.036166ms !!!!!!!!!!!!!!!!!!!!!published to: 
Response Status: 429 Too Many Requests
2024-01-06 13:57:27 +0800 CST spend:  1.23885975s !!!!!!!!!!!!!!!!!!!!!published to: 
Response Status: 429 Too Many Requests
2024-01-06 13:57:29 +0800 CST spend:  469.063542ms !!!!!!!!!!!!!!!!!!!!!published to: 
Response Status: 429 Too Many Requests
2024-01-06 13:57:30 +0800 CST spend:  704.048542ms !!!!!!!!!!!!!!!!!!!!!published to: 
Response Status: 429 Too Many Requests
2024-01-06 13:57:32 +0800 CST spend:  948.215334ms !!!!!!!!!!!!!!!!!!!!!published to: 
Response Status: 429 Too Many Requests
2024-01-06 13:57:36 +0800 CST spend:  1.150228s !!!!!!!!!!!!!!!!!!!!!published to: 
Response Status: 429 Too Many Requests
2024-01-06 13:57:38 +0800 CST spend:  847.389583ms !!!!!!!!!!!!!!!!!!!!!published to: 
Response Status: 429 Too Many Requests
2024-01-06 13:57:48 +0800 CST spend:  583.105667ms !!!!!!!!!!!!!!!!!!!!!published to: 
Response Status: 429 Too Many Requests
2024-01-06 13:57:48 +0800 CST spend:  337.063ms !!!!!!!!!!!!!!!!!!!!!published to: 
Response Status: 429 Too Many Requests
2024-01-06 13:57:54 +0800 CST spend:  596.709792ms !!!!!!!!!!!!!!!!!!!!!published to: 
Response Status: 429 Too Many Requests
2024-01-06 13:57:55 +0800 CST spend:  281.835958ms !!!!!!!!!!!!!!!!!!!!!published to: 
Response Status: 200 OK
2024-01-06 13:58:01 +0800 CST spend:  361.949417ms !!!!!!!!!!!!!!!!!!!!!published to: 
Response Status: 200 OK
2024-01-06 13:58:01 +0800 CST spend:  1.218318s !!!!!!!!!!!!!!!!!!!!!published to: 
Response Status: 200 OK
2024-01-06 13:58:05 +0800 CST spend:  944.803625ms !!!!!!!!!!!!!!!!!!!!!published to: 
Response Status: 429 Too Many Requests
2024-01-06 13:58:05 +0800 CST spend:  1.169738708s !!!!!!!!!!!!!!!!!!!!!published to: 
Response Status: 429 Too Many Requests
2024-01-06 13:58:05 +0800 CST spend:  926.024167ms !!!!!!!!!!!!!!!!!!!!!published to: 
Response Status: 429 Too Many Requests
2024-01-06 13:58:09 +0800 CST spend:  299.097125ms !!!!!!!!!!!!!!!!!!!!!published to: 
Response Status: 429 Too Many Requests
2024-01-06 13:58:09 +0800 CST spend:  1.206629167s !!!!!!!!!!!!!!!!!!!!!published to: 
Response Status: 429 Too Many Requests
2024-01-06 13:58:11 +0800 CST spend:  682.098667ms !!!!!!!!!!!!!!!!!!!!!published to: 
Response Status: 429 Too Many Requests
2024-01-06 13:58:14 +0800 CST spend:  1.175599958s !!!!!!!!!!!!!!!!!!!!!published to: 
Response Status: 429 Too Many Requests
2024-01-06 13:58:16 +0800 CST spend:  958.504916ms !!!!!!!!!!!!!!!!!!!!!published to: 
Response Status: 429 Too Many Requests
2024-01-06 13:58:18 +0800 CST spend:  394.932ms !!!!!!!!!!!!!!!!!!!!!published to: 
Response Status: 429 Too Many Requests
2024-01-06 13:58:23 +0800 CST spend:  366.792666ms !!!!!!!!!!!!!!!!!!!!!published to: 
Response Status: 429 Too Many Requests
2024-01-06 13:58:24 +0800 CST spend:  1.200005917s !!!!!!!!!!!!!!!!!!!!!published to: 
Response Status: 429 Too Many Requests
2024-01-06 13:58:28 +0800 CST spend:  586.838125ms !!!!!!!!!!!!!!!!!!!!!published to: 
Response Status: 429 Too Many Requests
2024-01-06 13:58:28 +0800 CST spend:  789.874ms !!!!!!!!!!!!!!!!!!!!!published to: 
Response Status: 429 Too Many Requests
2024-01-06 13:58:29 +0800 CST spend:  1.229272708s !!!!!!!!!!!!!!!!!!!!!published to: 
Response Status: 429 Too Many Requests
2024-01-06 13:58:29 +0800 CST spend:  682.900333ms !!!!!!!!!!!!!!!!!!!!!published to: 
Response Status: 429 Too Many Requests
2024-01-06 13:58:29 +0800 CST spend:  673.126208ms !!!!!!!!!!!!!!!!!!!!!published to: 
Response Status: 429 Too Many Requests
2024-01-06 13:58:30 +0800 CST spend:  994.338083ms !!!!!!!!!!!!!!!!!!!!!published to: 
Response Status: 429 Too Many Requests
2024-01-06 13:58:30 +0800 CST spend:  303.109167ms !!!!!!!!!!!!!!!!!!!!!published to: 
Response Status: 429 Too Many Requests
2024-01-06 13:58:33 +0800 CST spend:  725.251208ms !!!!!!!!!!!!!!!!!!!!!published to: 
Response Status: 429 Too Many Requests
2024-01-06 13:58:33 +0800 CST spend:  1.027237125s !!!!!!!!!!!!!!!!!!!!!published to: 
Response Status: 429 Too Many Requests
2024-01-06 13:58:34 +0800 CST spend:  1.028200875s !!!!!!!!!!!!!!!!!!!!!published to: 
Response Status: 429 Too Many Requests
2024-01-06 13:58:37 +0800 CST spend:  576.636709ms !!!!!!!!!!!!!!!!!!!!!published to: 
Response Status: 429 Too Many Requests
2024-01-06 13:58:38 +0800 CST spend:  1.170873s !!!!!!!!!!!!!!!!!!!!!published to: 
Response Status: 429 Too Many Requests
2024-01-06 13:58:39 +0800 CST spend:  825.507917ms !!!!!!!!!!!!!!!!!!!!!published to: 
